<?xml version="1.0" encoding="UTF-8"?>
<!-- Generated by org.testng.reporters.JUnitXMLReporter -->
<testsuite hostname="AFSWWPN0P3MYHV" name="Default test" tests="5" failures="0" timestamp="6 Jun 2019 20:14:51 GMT" time="12.698" errors="0">
  <testcase name="userRegistersAsNewUser" time="3.205" classname="videosharebe.SeleniumTest"/>
  <testcase name="login" time="1.346" classname="videosharebe.SeleniumTest"/>
  <testcase name="newUserShowsUpInListOfUsers" time="1.11" classname="videosharebe.SeleniumTest"/>
  <testcase name="userUpdatesUserInfoSuccessfully" time="1.671" classname="videosharebe.SeleniumTest"/>
  <testcase name="userIsDeleted" time="0.741" classname="videosharebe.SeleniumTest"/>
</testsuite> <!-- Default test -->
