<?xml version="1.0" encoding="UTF-8"?>
<!-- Generated by org.testng.reporters.JUnitXMLReporter -->
<testsuite hostname="AFSWWPN0P3MYHV" name="Default test" tests="5" failures="0" timestamp="5 Jun 2019 19:44:13 GMT" time="10.052" errors="0">
  <testcase name="userRegistersAsNewUser" time="1.118" classname="videosharebe.SeleniumTest"/>
  <testcase name="login" time="1.279" classname="videosharebe.SeleniumTest"/>
  <testcase name="newUserShowsUpInListOfUsers" time="1.138" classname="videosharebe.SeleniumTest"/>
  <testcase name="userUpdatesUserInfoSuccessfully" time="1.783" classname="videosharebe.SeleniumTest"/>
  <testcase name="userCanBeDeleted" time="1.149" classname="videosharebe.SeleniumTest"/>
</testsuite> <!-- Default test -->
