<?xml version="1.0" encoding="UTF-8"?>
<!-- Generated by org.testng.reporters.JUnitXMLReporter -->
<testsuite hostname="AFSWWPN0P3MYHV" name="UserServiceTest" tests="28" failures="0" timestamp="6 Jun 2019 20:14:13 GMT" time="1.977" errors="0">
  <testcase name="serviceLayerCreatesNewUserReturnsNewUser" time="0.059" classname="videosharebe.UserServiceTest"/>
  <testcase name="serviceLayerDeletesUserReturnsBoolean" time="0.003" classname="videosharebe.UserServiceTest"/>
  <testcase name="serviceLayerFailsToCreateUserBecauseUserIsNull" time="0.002" classname="videosharebe.UserServiceTest"/>
  <testcase name="serviceLayerFailsToDeleteUserBecauseUsernameIsNull" time="0.003" classname="videosharebe.UserServiceTest"/>
  <testcase name="serviceLayerFailsToUpdateUserBecauseUserDoesntExist" time="0.002" classname="videosharebe.UserServiceTest"/>
  <testcase name="serviceLayerFailsToUpdateUserBecauseUserIsNull" time="0.001" classname="videosharebe.UserServiceTest"/>
  <testcase name="serviceLayerUpdatesUser" time="0.002" classname="videosharebe.UserServiceTest"/>
  <testcase name="testGetAllUsers" time="0.007" classname="videosharebe.UserServiceTest"/>
  <testcase name="userFailsToFindUserByUsernameBecauseUserDoesntExist" time="0.002" classname="videosharebe.UserServiceTest"/>
  <testcase name="userFailsToFindUserByUsernameBecauseUsernameIsNull" time="0.004" classname="videosharebe.UserServiceTest"/>
  <testcase name="userFindsUserByUsername" time="0.003" classname="videosharebe.UserServiceTest"/>
  <testcase name="userNotCreatedBecauseItAlreadyExists" time="0.002" classname="videosharebe.UserServiceTest"/>
  <testcase name="userFailsToLoginBecauseLoginObjectIsNull" time="0.003" classname="videosharebe.LoginServiceTest"/>
  <testcase name="userFailsToLoginDueToInvalidCredentials" time="0.005" classname="videosharebe.LoginServiceTest"/>
  <testcase name="userSuccessfullyLogsIn" time="0.003" classname="videosharebe.LoginServiceTest"/>
  <testcase name="nullIsPassedToDeleteFunction" time="0.001" classname="videosharebe.UploadServiceTest"/>
  <testcase name="nullIsPassedToUpdate" time="0.001" classname="videosharebe.UploadServiceTest"/>
  <testcase name="nullPassedToFindVideoById" time="0.002" classname="videosharebe.UploadServiceTest"/>
  <testcase name="userCantCreateNewVideoBecuaseOneAlreadyExistsWithSameTitle" time="0.002" classname="videosharebe.UploadServiceTest"/>
  <testcase name="userCantCreateNewVideoBecuaseUploadIsNull" time="0.001" classname="videosharebe.UploadServiceTest"/>
  <testcase name="userCantFindVideoByTitle" time="0.002" classname="videosharebe.UploadServiceTest"/>
  <testcase name="userCantUpdateVideoBecauseItDoesntExist" time="0.002" classname="videosharebe.UploadServiceTest"/>
  <testcase name="userCreatesNewVideo" time="0.002" classname="videosharebe.UploadServiceTest"/>
  <testcase name="userDeletesVideoById" time="0.002" classname="videosharebe.UploadServiceTest"/>
  <testcase name="userFailsToDeleteVideoById" time="0.002" classname="videosharebe.UploadServiceTest"/>
  <testcase name="userFindsVideoByTitle" time="0.002" classname="videosharebe.UploadServiceTest"/>
  <testcase name="userGetsAllVideosForGivenUsername" time="0.002" classname="videosharebe.UploadServiceTest"/>
  <testcase name="userUpdatesVideoSuccessfully" time="0.002" classname="videosharebe.UploadServiceTest"/>
</testsuite> <!-- UserServiceTest -->
